1 - 3225 - CREATE - 3226
2 - 3226 - CREATE - 3227
2 - 3227 - ENTRY - ../TestDir/D1/Da/F3.bin
2 - 3227 - SEND_PIPE - 28
3 - 3227 - ENTRY - ../TestDir/D1/Da
3 - 3227 - EXIT - 0
3 - 3226 - RECV_PIPE - 28
4 - 3226 - CREATE - 3228
4 - 3228 - ENTRY - ../TestDir/D1/Db/archive.zip
5 - 3228 - CREATE - 3229
6 - 3229 - CREATE - 3230
7 - 3230 - ENTRY - ../TestDir/D1/Db/Dx/D2/F2.bin
7 - 3230 - SEND_PIPE - 17
7 - 3230 - ENTRY - ../TestDir/D1/Db/Dx/D2
7 - 3230 - EXIT - 0
7 - 3229 - RECV_PIPE - 17
7 - 3229 - ENTRY - ../TestDir/D1/Db/Dx/doc.pdf
7 - 3229 - ENTRY - ../TestDir/D1/Db/Dx/output.log
7 - 3229 - SEND_PIPE - 4158
8 - 3229 - ENTRY - ../TestDir/D1/Db/Dx
8 - 3229 - EXIT - 0
8 - 3228 - RECV_PIPE - 4158
8 - 3228 - ENTRY - ../TestDir/D1/Db/pkg.deb
8 - 3228 - SEND_PIPE - 8465
8 - 3228 - ENTRY - ../TestDir/D1/Db
8 - 3228 - EXIT - 0
8 - 3226 - RECV_PIPE - 8465
8 - 3226 - ENTRY - ../TestDir/D1/dep.d
8 - 3226 - ENTRY - ../TestDir/D1/src.c
8 - 3226 - SEND_PIPE - 17109
9 - 3226 - ENTRY - ../TestDir/D1
9 - 3226 - EXIT - 0
9 - 3225 - RECV_PIPE - 17109
10 - 3225 - CREATE - 3231
10 - 3231 - ENTRY - ../TestDir/D2/F2.bin
10 - 3231 - SEND_PIPE - 17
10 - 3231 - ENTRY - ../TestDir/D2
10 - 3231 - EXIT - 0
10 - 3225 - RECV_PIPE - 17
11 - 3225 - ENTRY - ../TestDir/f.txt
11 - 3225 - SEND_PIPE - 25328
11 - 3225 - ENTRY - ../TestDir
11 - 3225 - EXIT - 0
